<?xml version="1.0" encoding="UTF-8"?>
<testsuite xmlns:xsi="http://www.w3.org/2001/XMLSchema-instance" xsi:noNamespaceSchemaLocation="https://maven.apache.org/surefire/maven-surefire-plugin/xsd/surefire-test-report-3.0.xsd" version="3.0" name="conduitApp.ConduitTest" time="12.188" tests="1" errors="0" skipped="0" failures="1">
  <properties>
    <property name="java.specification.version" value="21"/>
    <property name="sun.cpu.isalist" value="amd64"/>
    <property name="sun.jnu.encoding" value="Cp1252"/>
    <property name="java.class.path" value="C:\Users\hyoga\KarateProject\Estudio\target\test-classes;C:\Users\hyoga\KarateProject\Estudio\target\classes;C:\Users\hyoga\.m2\repository\com\intuit\karate\karate-junit5\1.4.1\karate-junit5-1.4.1.jar;C:\Users\hyoga\.m2\repository\com\intuit\karate\karate-core\1.4.1\karate-core-1.4.1.jar;C:\Users\hyoga\.m2\repository\org\graalvm\js\js-scriptengine\22.3.3\js-scriptengine-22.3.3.jar;C:\Users\hyoga\.m2\repository\org\graalvm\sdk\graal-sdk\22.3.3\graal-sdk-22.3.3.jar;C:\Users\hyoga\.m2\repository\org\graalvm\js\js\22.3.3\js-22.3.3.jar;C:\Users\hyoga\.m2\repository\org\graalvm\regex\regex\22.3.3\regex-22.3.3.jar;C:\Users\hyoga\.m2\repository\org\graalvm\truffle\truffle-api\22.3.3\truffle-api-22.3.3.jar;C:\Users\hyoga\.m2\repository\com\ibm\icu\icu4j\71.1\icu4j-71.1.jar;C:\Users\hyoga\.m2\repository\org\thymeleaf\thymeleaf\3.1.2.RELEASE\thymeleaf-3.1.2.RELEASE.jar;C:\Users\hyoga\.m2\repository\ognl\ognl\3.3.4\ognl-3.3.4.jar;C:\Users\hyoga\.m2\repository\org\javassist\javassist\3.29.0-GA\javassist-3.29.0-GA.jar;C:\Users\hyoga\.m2\repository\org\attoparser\attoparser\2.0.7.RELEASE\attoparser-2.0.7.RELEASE.jar;C:\Users\hyoga\.m2\repository\org\unbescape\unbescape\1.1.6.RELEASE\unbescape-1.1.6.RELEASE.jar;C:\Users\hyoga\.m2\repository\com\linecorp\armeria\armeria\1.25.2\armeria-1.25.2.jar;C:\Users\hyoga\.m2\repository\com\fasterxml\jackson\datatype\jackson-datatype-jdk8\2.15.2\jackson-datatype-jdk8-2.15.2.jar;C:\Users\hyoga\.m2\repository\io\micrometer\micrometer-core\1.11.3\micrometer-core-1.11.3.jar;C:\Users\hyoga\.m2\repository\io\micrometer\micrometer-commons\1.11.3\micrometer-commons-1.11.3.jar;C:\Users\hyoga\.m2\repository\io\micrometer\micrometer-observation\1.11.3\micrometer-observation-1.11.3.jar;C:\Users\hyoga\.m2\repository\org\hdrhistogram\HdrHistogram\2.1.12\HdrHistogram-2.1.12.jar;C:\Users\hyoga\.m2\repository\org\latencyutils\LatencyUtils\2.0.3\LatencyUtils-2.0.3.jar;C:\Users\hyoga\.m2\repository\io\netty\netty-transport\4.1.96.Final\netty-transport-4.1.96.Final.jar;C:\Users\hyoga\.m2\repository\io\netty\netty-common\4.1.96.Final\netty-common-4.1.96.Final.jar;C:\Users\hyoga\.m2\repository\io\netty\netty-buffer\4.1.96.Final\netty-buffer-4.1.96.Final.jar;C:\Users\hyoga\.m2\repository\io\netty\netty-resolver\4.1.96.Final\netty-resolver-4.1.96.Final.jar;C:\Users\hyoga\.m2\repository\io\netty\netty-codec-haproxy\4.1.96.Final\netty-codec-haproxy-4.1.96.Final.jar;C:\Users\hyoga\.m2\repository\io\netty\netty-codec\4.1.96.Final\netty-codec-4.1.96.Final.jar;C:\Users\hyoga\.m2\repository\io\netty\netty-codec-http2\4.1.96.Final\netty-codec-http2-4.1.96.Final.jar;C:\Users\hyoga\.m2\repository\io\netty\netty-handler\4.1.96.Final\netty-handler-4.1.96.Final.jar;C:\Users\hyoga\.m2\repository\io\netty\netty-codec-http\4.1.96.Final\netty-codec-http-4.1.96.Final.jar;C:\Users\hyoga\.m2\repository\io\netty\netty-resolver-dns\4.1.96.Final\netty-resolver-dns-4.1.96.Final.jar;C:\Users\hyoga\.m2\repository\io\netty\netty-codec-dns\4.1.96.Final\netty-codec-dns-4.1.96.Final.jar;C:\Users\hyoga\.m2\repository\org\reactivestreams\reactive-streams\1.0.4\reactive-streams-1.0.4.jar;C:\Users\hyoga\.m2\repository\io\netty\netty-handler-proxy\4.1.96.Final\netty-handler-proxy-4.1.96.Final.jar;C:\Users\hyoga\.m2\repository\io\netty\netty-codec-socks\4.1.96.Final\netty-codec-socks-4.1.96.Final.jar;C:\Users\hyoga\.m2\repository\io\netty\netty-transport-native-unix-common\4.1.96.Final\netty-transport-native-unix-common-4.1.96.Final-linux-x86_64.jar;C:\Users\hyoga\.m2\repository\io\netty\netty-transport-native-epoll\4.1.96.Final\netty-transport-native-epoll-4.1.96.Final-linux-x86_64.jar;C:\Users\hyoga\.m2\repository\io\netty\netty-transport-native-unix-common\4.1.96.Final\netty-transport-native-unix-common-4.1.96.Final.jar;C:\Users\hyoga\.m2\repository\io\netty\netty-transport-classes-epoll\4.1.96.Final\netty-transport-classes-epoll-4.1.96.Final.jar;C:\Users\hyoga\.m2\repository\io\netty\netty-transport-native-unix-common\4.1.96.Final\netty-transport-native-unix-common-4.1.96.Final-linux-aarch_64.jar;C:\Users\hyoga\.m2\repository\io\netty\netty-transport-native-epoll\4.1.96.Final\netty-transport-native-epoll-4.1.96.Final-linux-aarch_64.jar;C:\Users\hyoga\.m2\repository\io\netty\netty-transport-native-unix-common\4.1.96.Final\netty-transport-native-unix-common-4.1.96.Final-osx-x86_64.jar;C:\Users\hyoga\.m2\repository\io\netty\netty-transport-native-kqueue\4.1.96.Final\netty-transport-native-kqueue-4.1.96.Final-osx-x86_64.jar;C:\Users\hyoga\.m2\repository\io\netty\netty-transport-classes-kqueue\4.1.96.Final\netty-transport-classes-kqueue-4.1.96.Final.jar;C:\Users\hyoga\.m2\repository\io\netty\netty-resolver-dns-native-macos\4.1.96.Final\netty-resolver-dns-native-macos-4.1.96.Final-osx-x86_64.jar;C:\Users\hyoga\.m2\repository\io\netty\netty-resolver-dns-classes-macos\4.1.96.Final\netty-resolver-dns-classes-macos-4.1.96.Final.jar;C:\Users\hyoga\.m2\repository\io\netty\netty-transport-native-unix-common\4.1.96.Final\netty-transport-native-unix-common-4.1.96.Final-osx-aarch_64.jar;C:\Users\hyoga\.m2\repository\io\netty\netty-transport-native-kqueue\4.1.96.Final\netty-transport-native-kqueue-4.1.96.Final-osx-aarch_64.jar;C:\Users\hyoga\.m2\repository\io\netty\netty-resolver-dns-native-macos\4.1.96.Final\netty-resolver-dns-native-macos-4.1.96.Final-osx-aarch_64.jar;C:\Users\hyoga\.m2\repository\io\netty\netty-tcnative-boringssl-static\2.0.61.Final\netty-tcnative-boringssl-static-2.0.61.Final-linux-x86_64.jar;C:\Users\hyoga\.m2\repository\io\netty\netty-tcnative-classes\2.0.61.Final\netty-tcnative-classes-2.0.61.Final.jar;C:\Users\hyoga\.m2\repository\io\netty\netty-tcnative-boringssl-static\2.0.61.Final\netty-tcnative-boringssl-static-2.0.61.Final-linux-aarch_64.jar;C:\Users\hyoga\.m2\repository\io\netty\netty-tcnative-boringssl-static\2.0.61.Final\netty-tcnative-boringssl-static-2.0.61.Final-osx-x86_64.jar;C:\Users\hyoga\.m2\repository\io\netty\netty-tcnative-boringssl-static\2.0.61.Final\netty-tcnative-boringssl-static-2.0.61.Final-osx-aarch_64.jar;C:\Users\hyoga\.m2\repository\io\netty\netty-tcnative-boringssl-static\2.0.61.Final\netty-tcnative-boringssl-static-2.0.61.Final-windows-x86_64.jar;C:\Users\hyoga\.m2\repository\com\aayushatharva\brotli4j\brotli4j\1.12.0\brotli4j-1.12.0.jar;C:\Users\hyoga\.m2\repository\com\aayushatharva\brotli4j\service\1.12.0\service-1.12.0.jar;C:\Users\hyoga\.m2\repository\com\aayushatharva\brotli4j\native-windows-x86_64\1.12.0\native-windows-x86_64-1.12.0.jar;C:\Users\hyoga\.m2\repository\org\apache\httpcomponents\httpclient\4.5.14\httpclient-4.5.14.jar;C:\Users\hyoga\.m2\repository\org\apache\httpcomponents\httpcore\4.4.16\httpcore-4.4.16.jar;C:\Users\hyoga\.m2\repository\commons-codec\commons-codec\1.16.0\commons-codec-1.16.0.jar;C:\Users\hyoga\.m2\repository\ch\qos\logback\logback-classic\1.4.11\logback-classic-1.4.11.jar;C:\Users\hyoga\.m2\repository\ch\qos\logback\logback-core\1.4.11\logback-core-1.4.11.jar;C:\Users\hyoga\.m2\repository\org\slf4j\jcl-over-slf4j\2.0.9\jcl-over-slf4j-2.0.9.jar;C:\Users\hyoga\.m2\repository\org\antlr\antlr4-runtime\4.11.1\antlr4-runtime-4.11.1.jar;C:\Users\hyoga\.m2\repository\com\jayway\jsonpath\json-path\2.8.0\json-path-2.8.0.jar;C:\Users\hyoga\.m2\repository\net\minidev\json-smart\2.4.10\json-smart-2.4.10.jar;C:\Users\hyoga\.m2\repository\net\minidev\accessors-smart\2.4.9\accessors-smart-2.4.9.jar;C:\Users\hyoga\.m2\repository\org\ow2\asm\asm\9.3\asm-9.3.jar;C:\Users\hyoga\.m2\repository\org\yaml\snakeyaml\2.0\snakeyaml-2.0.jar;C:\Users\hyoga\.m2\repository\de\siegmar\fastcsv\2.2.1\fastcsv-2.2.1.jar;C:\Users\hyoga\.m2\repository\info\picocli\picocli\4.7.1\picocli-4.7.1.jar;C:\Users\hyoga\.m2\repository\io\github\classgraph\classgraph\4.8.160\classgraph-4.8.160.jar;C:\Users\hyoga\.m2\repository\io\github\t12y\resemble\1.0.2\resemble-1.0.2.jar;C:\Users\hyoga\.m2\repository\io\github\t12y\ssim\1.0.0\ssim-1.0.0.jar;C:\Users\hyoga\.m2\repository\org\junit\jupiter\junit-jupiter-api\5.9.3\junit-jupiter-api-5.9.3.jar;C:\Users\hyoga\.m2\repository\org\opentest4j\opentest4j\1.2.0\opentest4j-1.2.0.jar;C:\Users\hyoga\.m2\repository\org\junit\platform\junit-platform-commons\1.9.3\junit-platform-commons-1.9.3.jar;C:\Users\hyoga\.m2\repository\org\apiguardian\apiguardian-api\1.1.2\apiguardian-api-1.1.2.jar;C:\Users\hyoga\.m2\repository\org\junit\jupiter\junit-jupiter-engine\5.9.3\junit-jupiter-engine-5.9.3.jar;C:\Users\hyoga\.m2\repository\org\junit\platform\junit-platform-engine\1.9.3\junit-platform-engine-1.9.3.jar;C:\Users\hyoga\.m2\repository\com\github\javafaker\javafaker\1.0.2\javafaker-1.0.2.jar;C:\Users\hyoga\.m2\repository\org\apache\commons\commons-lang3\3.5\commons-lang3-3.5.jar;C:\Users\hyoga\.m2\repository\org\yaml\snakeyaml\1.23\snakeyaml-1.23-android.jar;C:\Users\hyoga\.m2\repository\com\github\mifmif\generex\1.0.2\generex-1.0.2.jar;C:\Users\hyoga\.m2\repository\dk\brics\automaton\automaton\1.11-8\automaton-1.11-8.jar;C:\Users\hyoga\.m2\repository\net\masterthought\cucumber-reporting\5.6.1\cucumber-reporting-5.6.1.jar;C:\Users\hyoga\.m2\repository\com\fasterxml\jackson\core\jackson-databind\2.12.1\jackson-databind-2.12.1.jar;C:\Users\hyoga\.m2\repository\com\fasterxml\jackson\core\jackson-annotations\2.12.1\jackson-annotations-2.12.1.jar;C:\Users\hyoga\.m2\repository\com\fasterxml\jackson\core\jackson-core\2.12.1\jackson-core-2.12.1.jar;C:\Users\hyoga\.m2\repository\com\fasterxml\jackson\datatype\jackson-datatype-jsr310\2.12.1\jackson-datatype-jsr310-2.12.1.jar;C:\Users\hyoga\.m2\repository\org\apache\velocity\velocity-engine-core\2.3\velocity-engine-core-2.3.jar;C:\Users\hyoga\.m2\repository\org\slf4j\slf4j-api\1.7.30\slf4j-api-1.7.30.jar;C:\Users\hyoga\.m2\repository\commons-collections\commons-collections\3.2.2\commons-collections-3.2.2.jar;C:\Users\hyoga\.m2\repository\joda-time\joda-time\2.10.10\joda-time-2.10.10.jar;C:\Users\hyoga\.m2\repository\commons-io\commons-io\2.7\commons-io-2.7.jar;C:\Users\hyoga\.m2\repository\org\codehaus\plexus\plexus-utils\3.3.0\plexus-utils-3.3.0.jar;C:\Users\hyoga\.m2\repository\org\jsoup\jsoup\1.14.2\jsoup-1.14.2.jar;C:\Users\hyoga\.m2\repository\com\google\guava\guava\30.1.1-jre\guava-30.1.1-jre.jar;C:\Users\hyoga\.m2\repository\com\google\guava\failureaccess\1.0.1\failureaccess-1.0.1.jar;C:\Users\hyoga\.m2\repository\com\google\guava\listenablefuture\9999.0-empty-to-avoid-conflict-with-guava\listenablefuture-9999.0-empty-to-avoid-conflict-with-guava.jar;C:\Users\hyoga\.m2\repository\com\google\code\findbugs\jsr305\3.0.2\jsr305-3.0.2.jar;C:\Users\hyoga\.m2\repository\org\checkerframework\checker-qual\3.8.0\checker-qual-3.8.0.jar;C:\Users\hyoga\.m2\repository\com\google\errorprone\error_prone_annotations\2.5.1\error_prone_annotations-2.5.1.jar;C:\Users\hyoga\.m2\repository\com\google\j2objc\j2objc-annotations\1.3\j2objc-annotations-1.3.jar;C:\Users\hyoga\.m2\repository\com\googlecode\owasp-java-html-sanitizer\owasp-java-html-sanitizer\20211018.2\owasp-java-html-sanitizer-20211018.2.jar;C:\Users\hyoga\.m2\repository\commons-configuration\commons-configuration\1.10\commons-configuration-1.10.jar;C:\Users\hyoga\.m2\repository\commons-lang\commons-lang\2.6\commons-lang-2.6.jar;C:\Users\hyoga\.m2\repository\commons-logging\commons-logging\1.1.1\commons-logging-1.1.1.jar;"/>
    <property name="java.vm.vendor" value="Oracle Corporation"/>
    <property name="sun.arch.data.model" value="64"/>
    <property name="user.variant" value=""/>
    <property name="java.vendor.url" value="https://java.oracle.com/"/>
    <property name="user.timezone" value="GMT-04:00"/>
    <property name="os.name" value="Windows 10"/>
    <property name="java.vm.specification.version" value="21"/>
    <property name="sun.java.launcher" value="SUN_STANDARD"/>
    <property name="user.country" value="CL"/>
    <property name="sun.boot.library.path" value="C:\Program Files\Java\jdk-21\bin"/>
    <property name="sun.java.command" value="C:\Users\hyoga\AppData\Local\Temp\surefire1375868439052902042\surefirebooter-20240717232825436_3.jar C:\Users\hyoga\AppData\Local\Temp\surefire1375868439052902042 2024-07-17T23-28-25_242-jvmRun1 surefire-20240717232825436_1tmp surefire_0-20240717232825436_2tmp"/>
    <property name="jdk.debug" value="release"/>
    <property name="surefire.test.class.path" value="C:\Users\hyoga\KarateProject\Estudio\target\test-classes;C:\Users\hyoga\KarateProject\Estudio\target\classes;C:\Users\hyoga\.m2\repository\com\intuit\karate\karate-junit5\1.4.1\karate-junit5-1.4.1.jar;C:\Users\hyoga\.m2\repository\com\intuit\karate\karate-core\1.4.1\karate-core-1.4.1.jar;C:\Users\hyoga\.m2\repository\org\graalvm\js\js-scriptengine\22.3.3\js-scriptengine-22.3.3.jar;C:\Users\hyoga\.m2\repository\org\graalvm\sdk\graal-sdk\22.3.3\graal-sdk-22.3.3.jar;C:\Users\hyoga\.m2\repository\org\graalvm\js\js\22.3.3\js-22.3.3.jar;C:\Users\hyoga\.m2\repository\org\graalvm\regex\regex\22.3.3\regex-22.3.3.jar;C:\Users\hyoga\.m2\repository\org\graalvm\truffle\truffle-api\22.3.3\truffle-api-22.3.3.jar;C:\Users\hyoga\.m2\repository\com\ibm\icu\icu4j\71.1\icu4j-71.1.jar;C:\Users\hyoga\.m2\repository\org\thymeleaf\thymeleaf\3.1.2.RELEASE\thymeleaf-3.1.2.RELEASE.jar;C:\Users\hyoga\.m2\repository\ognl\ognl\3.3.4\ognl-3.3.4.jar;C:\Users\hyoga\.m2\repository\org\javassist\javassist\3.29.0-GA\javassist-3.29.0-GA.jar;C:\Users\hyoga\.m2\repository\org\attoparser\attoparser\2.0.7.RELEASE\attoparser-2.0.7.RELEASE.jar;C:\Users\hyoga\.m2\repository\org\unbescape\unbescape\1.1.6.RELEASE\unbescape-1.1.6.RELEASE.jar;C:\Users\hyoga\.m2\repository\com\linecorp\armeria\armeria\1.25.2\armeria-1.25.2.jar;C:\Users\hyoga\.m2\repository\com\fasterxml\jackson\datatype\jackson-datatype-jdk8\2.15.2\jackson-datatype-jdk8-2.15.2.jar;C:\Users\hyoga\.m2\repository\io\micrometer\micrometer-core\1.11.3\micrometer-core-1.11.3.jar;C:\Users\hyoga\.m2\repository\io\micrometer\micrometer-commons\1.11.3\micrometer-commons-1.11.3.jar;C:\Users\hyoga\.m2\repository\io\micrometer\micrometer-observation\1.11.3\micrometer-observation-1.11.3.jar;C:\Users\hyoga\.m2\repository\org\hdrhistogram\HdrHistogram\2.1.12\HdrHistogram-2.1.12.jar;C:\Users\hyoga\.m2\repository\org\latencyutils\LatencyUtils\2.0.3\LatencyUtils-2.0.3.jar;C:\Users\hyoga\.m2\repository\io\netty\netty-transport\4.1.96.Final\netty-transport-4.1.96.Final.jar;C:\Users\hyoga\.m2\repository\io\netty\netty-common\4.1.96.Final\netty-common-4.1.96.Final.jar;C:\Users\hyoga\.m2\repository\io\netty\netty-buffer\4.1.96.Final\netty-buffer-4.1.96.Final.jar;C:\Users\hyoga\.m2\repository\io\netty\netty-resolver\4.1.96.Final\netty-resolver-4.1.96.Final.jar;C:\Users\hyoga\.m2\repository\io\netty\netty-codec-haproxy\4.1.96.Final\netty-codec-haproxy-4.1.96.Final.jar;C:\Users\hyoga\.m2\repository\io\netty\netty-codec\4.1.96.Final\netty-codec-4.1.96.Final.jar;C:\Users\hyoga\.m2\repository\io\netty\netty-codec-http2\4.1.96.Final\netty-codec-http2-4.1.96.Final.jar;C:\Users\hyoga\.m2\repository\io\netty\netty-handler\4.1.96.Final\netty-handler-4.1.96.Final.jar;C:\Users\hyoga\.m2\repository\io\netty\netty-codec-http\4.1.96.Final\netty-codec-http-4.1.96.Final.jar;C:\Users\hyoga\.m2\repository\io\netty\netty-resolver-dns\4.1.96.Final\netty-resolver-dns-4.1.96.Final.jar;C:\Users\hyoga\.m2\repository\io\netty\netty-codec-dns\4.1.96.Final\netty-codec-dns-4.1.96.Final.jar;C:\Users\hyoga\.m2\repository\org\reactivestreams\reactive-streams\1.0.4\reactive-streams-1.0.4.jar;C:\Users\hyoga\.m2\repository\io\netty\netty-handler-proxy\4.1.96.Final\netty-handler-proxy-4.1.96.Final.jar;C:\Users\hyoga\.m2\repository\io\netty\netty-codec-socks\4.1.96.Final\netty-codec-socks-4.1.96.Final.jar;C:\Users\hyoga\.m2\repository\io\netty\netty-transport-native-unix-common\4.1.96.Final\netty-transport-native-unix-common-4.1.96.Final-linux-x86_64.jar;C:\Users\hyoga\.m2\repository\io\netty\netty-transport-native-epoll\4.1.96.Final\netty-transport-native-epoll-4.1.96.Final-linux-x86_64.jar;C:\Users\hyoga\.m2\repository\io\netty\netty-transport-native-unix-common\4.1.96.Final\netty-transport-native-unix-common-4.1.96.Final.jar;C:\Users\hyoga\.m2\repository\io\netty\netty-transport-classes-epoll\4.1.96.Final\netty-transport-classes-epoll-4.1.96.Final.jar;C:\Users\hyoga\.m2\repository\io\netty\netty-transport-native-unix-common\4.1.96.Final\netty-transport-native-unix-common-4.1.96.Final-linux-aarch_64.jar;C:\Users\hyoga\.m2\repository\io\netty\netty-transport-native-epoll\4.1.96.Final\netty-transport-native-epoll-4.1.96.Final-linux-aarch_64.jar;C:\Users\hyoga\.m2\repository\io\netty\netty-transport-native-unix-common\4.1.96.Final\netty-transport-native-unix-common-4.1.96.Final-osx-x86_64.jar;C:\Users\hyoga\.m2\repository\io\netty\netty-transport-native-kqueue\4.1.96.Final\netty-transport-native-kqueue-4.1.96.Final-osx-x86_64.jar;C:\Users\hyoga\.m2\repository\io\netty\netty-transport-classes-kqueue\4.1.96.Final\netty-transport-classes-kqueue-4.1.96.Final.jar;C:\Users\hyoga\.m2\repository\io\netty\netty-resolver-dns-native-macos\4.1.96.Final\netty-resolver-dns-native-macos-4.1.96.Final-osx-x86_64.jar;C:\Users\hyoga\.m2\repository\io\netty\netty-resolver-dns-classes-macos\4.1.96.Final\netty-resolver-dns-classes-macos-4.1.96.Final.jar;C:\Users\hyoga\.m2\repository\io\netty\netty-transport-native-unix-common\4.1.96.Final\netty-transport-native-unix-common-4.1.96.Final-osx-aarch_64.jar;C:\Users\hyoga\.m2\repository\io\netty\netty-transport-native-kqueue\4.1.96.Final\netty-transport-native-kqueue-4.1.96.Final-osx-aarch_64.jar;C:\Users\hyoga\.m2\repository\io\netty\netty-resolver-dns-native-macos\4.1.96.Final\netty-resolver-dns-native-macos-4.1.96.Final-osx-aarch_64.jar;C:\Users\hyoga\.m2\repository\io\netty\netty-tcnative-boringssl-static\2.0.61.Final\netty-tcnative-boringssl-static-2.0.61.Final-linux-x86_64.jar;C:\Users\hyoga\.m2\repository\io\netty\netty-tcnative-classes\2.0.61.Final\netty-tcnative-classes-2.0.61.Final.jar;C:\Users\hyoga\.m2\repository\io\netty\netty-tcnative-boringssl-static\2.0.61.Final\netty-tcnative-boringssl-static-2.0.61.Final-linux-aarch_64.jar;C:\Users\hyoga\.m2\repository\io\netty\netty-tcnative-boringssl-static\2.0.61.Final\netty-tcnative-boringssl-static-2.0.61.Final-osx-x86_64.jar;C:\Users\hyoga\.m2\repository\io\netty\netty-tcnative-boringssl-static\2.0.61.Final\netty-tcnative-boringssl-static-2.0.61.Final-osx-aarch_64.jar;C:\Users\hyoga\.m2\repository\io\netty\netty-tcnative-boringssl-static\2.0.61.Final\netty-tcnative-boringssl-static-2.0.61.Final-windows-x86_64.jar;C:\Users\hyoga\.m2\repository\com\aayushatharva\brotli4j\brotli4j\1.12.0\brotli4j-1.12.0.jar;C:\Users\hyoga\.m2\repository\com\aayushatharva\brotli4j\service\1.12.0\service-1.12.0.jar;C:\Users\hyoga\.m2\repository\com\aayushatharva\brotli4j\native-windows-x86_64\1.12.0\native-windows-x86_64-1.12.0.jar;C:\Users\hyoga\.m2\repository\org\apache\httpcomponents\httpclient\4.5.14\httpclient-4.5.14.jar;C:\Users\hyoga\.m2\repository\org\apache\httpcomponents\httpcore\4.4.16\httpcore-4.4.16.jar;C:\Users\hyoga\.m2\repository\commons-codec\commons-codec\1.16.0\commons-codec-1.16.0.jar;C:\Users\hyoga\.m2\repository\ch\qos\logback\logback-classic\1.4.11\logback-classic-1.4.11.jar;C:\Users\hyoga\.m2\repository\ch\qos\logback\logback-core\1.4.11\logback-core-1.4.11.jar;C:\Users\hyoga\.m2\repository\org\slf4j\jcl-over-slf4j\2.0.9\jcl-over-slf4j-2.0.9.jar;C:\Users\hyoga\.m2\repository\org\antlr\antlr4-runtime\4.11.1\antlr4-runtime-4.11.1.jar;C:\Users\hyoga\.m2\repository\com\jayway\jsonpath\json-path\2.8.0\json-path-2.8.0.jar;C:\Users\hyoga\.m2\repository\net\minidev\json-smart\2.4.10\json-smart-2.4.10.jar;C:\Users\hyoga\.m2\repository\net\minidev\accessors-smart\2.4.9\accessors-smart-2.4.9.jar;C:\Users\hyoga\.m2\repository\org\ow2\asm\asm\9.3\asm-9.3.jar;C:\Users\hyoga\.m2\repository\org\yaml\snakeyaml\2.0\snakeyaml-2.0.jar;C:\Users\hyoga\.m2\repository\de\siegmar\fastcsv\2.2.1\fastcsv-2.2.1.jar;C:\Users\hyoga\.m2\repository\info\picocli\picocli\4.7.1\picocli-4.7.1.jar;C:\Users\hyoga\.m2\repository\io\github\classgraph\classgraph\4.8.160\classgraph-4.8.160.jar;C:\Users\hyoga\.m2\repository\io\github\t12y\resemble\1.0.2\resemble-1.0.2.jar;C:\Users\hyoga\.m2\repository\io\github\t12y\ssim\1.0.0\ssim-1.0.0.jar;C:\Users\hyoga\.m2\repository\org\junit\jupiter\junit-jupiter-api\5.9.3\junit-jupiter-api-5.9.3.jar;C:\Users\hyoga\.m2\repository\org\opentest4j\opentest4j\1.2.0\opentest4j-1.2.0.jar;C:\Users\hyoga\.m2\repository\org\junit\platform\junit-platform-commons\1.9.3\junit-platform-commons-1.9.3.jar;C:\Users\hyoga\.m2\repository\org\apiguardian\apiguardian-api\1.1.2\apiguardian-api-1.1.2.jar;C:\Users\hyoga\.m2\repository\org\junit\jupiter\junit-jupiter-engine\5.9.3\junit-jupiter-engine-5.9.3.jar;C:\Users\hyoga\.m2\repository\org\junit\platform\junit-platform-engine\1.9.3\junit-platform-engine-1.9.3.jar;C:\Users\hyoga\.m2\repository\com\github\javafaker\javafaker\1.0.2\javafaker-1.0.2.jar;C:\Users\hyoga\.m2\repository\org\apache\commons\commons-lang3\3.5\commons-lang3-3.5.jar;C:\Users\hyoga\.m2\repository\org\yaml\snakeyaml\1.23\snakeyaml-1.23-android.jar;C:\Users\hyoga\.m2\repository\com\github\mifmif\generex\1.0.2\generex-1.0.2.jar;C:\Users\hyoga\.m2\repository\dk\brics\automaton\automaton\1.11-8\automaton-1.11-8.jar;C:\Users\hyoga\.m2\repository\net\masterthought\cucumber-reporting\5.6.1\cucumber-reporting-5.6.1.jar;C:\Users\hyoga\.m2\repository\com\fasterxml\jackson\core\jackson-databind\2.12.1\jackson-databind-2.12.1.jar;C:\Users\hyoga\.m2\repository\com\fasterxml\jackson\core\jackson-annotations\2.12.1\jackson-annotations-2.12.1.jar;C:\Users\hyoga\.m2\repository\com\fasterxml\jackson\core\jackson-core\2.12.1\jackson-core-2.12.1.jar;C:\Users\hyoga\.m2\repository\com\fasterxml\jackson\datatype\jackson-datatype-jsr310\2.12.1\jackson-datatype-jsr310-2.12.1.jar;C:\Users\hyoga\.m2\repository\org\apache\velocity\velocity-engine-core\2.3\velocity-engine-core-2.3.jar;C:\Users\hyoga\.m2\repository\org\slf4j\slf4j-api\1.7.30\slf4j-api-1.7.30.jar;C:\Users\hyoga\.m2\repository\commons-collections\commons-collections\3.2.2\commons-collections-3.2.2.jar;C:\Users\hyoga\.m2\repository\joda-time\joda-time\2.10.10\joda-time-2.10.10.jar;C:\Users\hyoga\.m2\repository\commons-io\commons-io\2.7\commons-io-2.7.jar;C:\Users\hyoga\.m2\repository\org\codehaus\plexus\plexus-utils\3.3.0\plexus-utils-3.3.0.jar;C:\Users\hyoga\.m2\repository\org\jsoup\jsoup\1.14.2\jsoup-1.14.2.jar;C:\Users\hyoga\.m2\repository\com\google\guava\guava\30.1.1-jre\guava-30.1.1-jre.jar;C:\Users\hyoga\.m2\repository\com\google\guava\failureaccess\1.0.1\failureaccess-1.0.1.jar;C:\Users\hyoga\.m2\repository\com\google\guava\listenablefuture\9999.0-empty-to-avoid-conflict-with-guava\listenablefuture-9999.0-empty-to-avoid-conflict-with-guava.jar;C:\Users\hyoga\.m2\repository\com\google\code\findbugs\jsr305\3.0.2\jsr305-3.0.2.jar;C:\Users\hyoga\.m2\repository\org\checkerframework\checker-qual\3.8.0\checker-qual-3.8.0.jar;C:\Users\hyoga\.m2\repository\com\google\errorprone\error_prone_annotations\2.5.1\error_prone_annotations-2.5.1.jar;C:\Users\hyoga\.m2\repository\com\google\j2objc\j2objc-annotations\1.3\j2objc-annotations-1.3.jar;C:\Users\hyoga\.m2\repository\com\googlecode\owasp-java-html-sanitizer\owasp-java-html-sanitizer\20211018.2\owasp-java-html-sanitizer-20211018.2.jar;C:\Users\hyoga\.m2\repository\commons-configuration\commons-configuration\1.10\commons-configuration-1.10.jar;C:\Users\hyoga\.m2\repository\commons-lang\commons-lang\2.6\commons-lang-2.6.jar;C:\Users\hyoga\.m2\repository\commons-logging\commons-logging\1.1.1\commons-logging-1.1.1.jar;"/>
    <property name="sun.cpu.endian" value="little"/>
    <property name="user.home" value="C:\Users\hyoga"/>
    <property name="user.language" value="es"/>
    <property name="java.specification.vendor" value="Oracle Corporation"/>
    <property name="java.version.date" value="2023-10-17"/>
    <property name="java.home" value="C:\Program Files\Java\jdk-21"/>
    <property name="file.separator" value="\"/>
    <property name="basedir" value="C:\Users\hyoga\KarateProject\Estudio"/>
    <property name="java.vm.compressedOopsMode" value="32-bit"/>
    <property name="line.separator" value="&#10;"/>
    <property name="java.vm.specification.vendor" value="Oracle Corporation"/>
    <property name="java.specification.name" value="Java Platform API Specification"/>
    <property name="surefire.real.class.path" value="C:\Users\hyoga\AppData\Local\Temp\surefire1375868439052902042\surefirebooter-20240717232825436_3.jar"/>
    <property name="user.script" value=""/>
    <property name="sun.management.compiler" value="HotSpot 64-Bit Tiered Compilers"/>
    <property name="java.runtime.version" value="21.0.1+12-LTS-29"/>
    <property name="user.name" value="hyoga"/>
    <property name="stdout.encoding" value="Cp1252"/>
    <property name="path.separator" value=";"/>
    <property name="os.version" value="10.0"/>
    <property name="java.runtime.name" value="Java(TM) SE Runtime Environment"/>
    <property name="file.encoding" value="UTF-8"/>
    <property name="java.vm.name" value="Java HotSpot(TM) 64-Bit Server VM"/>
    <property name="localRepository" value="C:\Users\hyoga\.m2\repository"/>
    <property name="java.vendor.url.bug" value="https://bugreport.java.com/bugreport/"/>
    <property name="java.io.tmpdir" value="C:\Users\hyoga\AppData\Local\Temp\"/>
    <property name="java.version" value="21.0.1"/>
    <property name="user.dir" value="C:\Users\hyoga\KarateProject\Estudio"/>
    <property name="os.arch" value="amd64"/>
    <property name="java.vm.specification.name" value="Java Virtual Machine Specification"/>
    <property name="sun.os.patch.level" value=""/>
    <property name="native.encoding" value="Cp1252"/>
    <property name="java.library.path" value="C:\Program Files\Java\jdk-21\bin;C:\WINDOWS\Sun\Java\bin;C:\WINDOWS\system32;C:\WINDOWS;C:\Program Files\Common Files\Oracle\Java\javapath;C:\Program Files (x86)\Common Files\Oracle\Java\javapath;C:\Windows\system32;C:\Windows;C:\Windows\System32\Wbem;C:\Windows\System32\WindowsPowerShell\v1.0\;C:\Windows\System32\OpenSSH\;C:\Program Files (x86)\NVIDIA Corporation\PhysX\Common;C:\Program Files\NVIDIA Corporation\NVIDIA NvDLISR;C:\WINDOWS\system32;C:\WINDOWS;C:\WINDOWS\System32\Wbem;C:\WINDOWS\System32\WindowsPowerShell\v1.0\;C:\WINDOWS\System32\OpenSSH\;&quot;C:\WINDOWS\system32;C:\WINDOWS;C:\WINDOWS\System32\Wbem&quot;;C:\Program Files\Git\cmd;C:\Program Files\Eclipse Adoptium\jdk-17.0.10.7-hotspot\\bin;C:\Program Files\dotnet\;C:\Program Files\nodejs\;C:\Program Files\Java\jdk-21\bin\;C:\Users\hyoga\AppData\Local\Android\Sdk\platform-tools;C:\Users\hyoga\AppData\Local\Android\Sdk\tools;C:\Users\hyoga\AppData\Local\Android\Sdk\platform-tools;C:\Users\hyoga\AppData\Local\Android\Sdk\tools;C:\Users\hyoga\AppData\Local\Android\Sdk\build-tools;C:\Users\hyoga\AppData\Local\Android\Sdk\build-tools;C:\Maven\apache-maven-3.9.5\bin\;C:\Maven\apache-maven-3.9.5\bin;C:\Program Files (x86)\Yarn\bin\;C:\ProgramData\chocolatey\bin;C:\Users\hyoga\AppData\Local\Microsoft\WindowsApps;C:\Users\hyoga\AppData\Local\Programs\Microsoft VS Code\bin;C:\Users\hyoga\AppData\Roaming\npm;C:\Users\hyoga\AppData\Local\Yarn\bin;;."/>
    <property name="java.vm.info" value="mixed mode, sharing"/>
    <property name="stderr.encoding" value="Cp1252"/>
    <property name="java.vendor" value="Oracle Corporation"/>
    <property name="java.vm.version" value="21.0.1+12-LTS-29"/>
    <property name="sun.io.unicode.encoding" value="UnicodeLittle"/>
    <property name="java.class.version" value="65.0"/>
  </properties>
  <testcase name="testParallel" classname="conduitApp.ConduitTest" time="12.144">
    <failure message="status code was: 422, expected: 201, response time in milliseconds: 589, url: https://api.realworld.io/api/articles, response: &#10;{&quot;errors&quot;:{&quot;title&quot;:[&quot;must be unique&quot;]}}&#10;classpath:conduitApp/feature/Articles.feature:19&#10;match failed: EQUALS&#10;  $ | not equal | match failed for name: &apos;articlesCount&apos; (MAP:MAP)&#10;  {&quot;articles&quot;:[{&quot;slug&quot;:&quot;Bennard-Brune-31806&quot;,&quot;title&quot;:&quot;Bennard Brune&quot;,&quot;description&quot;:&quot;Qohor&quot;,&quot;body&quot;:&quot;There are no heroes...in life, the monsters win.&quot;,&quot;tagList&quot;:[],&quot;createdAt&quot;:&quot;2024-07-18T03:28:31.991Z&quot;,&quot;updatedAt&quot;:&quot;2024-07-18T03:28:31.991Z&quot;,&quot;favorited&quot;:false,&quot;favoritesCount&quot;:0,&quot;author&quot;:{&quot;username&quot;:&quot;karatetest999&quot;,&quot;bio&quot;:null,&quot;image&quot;:&quot;https://api.realworld.io/images/smiley-cyrus.jpeg&quot;,&quot;following&quot;:false}},{&quot;slug&quot;:&quot;Iggo-31806&quot;,&quot;title&quot;:&quot;Iggo&quot;,&quot;description&quot;:&quot;Samyrian&quot;,&quot;body&quot;:&quot;Knowledge could be more valuable than gold, more deadly than a dagger.&quot;,&quot;tagList&quot;:[],&quot;createdAt&quot;:&quot;2024-07-18T03:27:36.236Z&quot;,&quot;updatedAt&quot;:&quot;2024-07-18T03:27:36.236Z&quot;,&quot;favorited&quot;:false,&quot;favoritesCount&quot;:0,&quot;author&quot;:{&quot;username&quot;:&quot;karatetest999&quot;,&quot;bio&quot;:null,&quot;image&quot;:&quot;https://api.realworld.io/images/smiley-cyrus.jpeg&quot;,&quot;following&quot;:false}},{&quot;slug&quot;:&quot;Lythene-Frey-31806&quot;,&quot;title&quot;:&quot;Lythene Frey&quot;,&quot;description&quot;:&quot;Braavos&quot;,&quot;body&quot;:&quot;When the snows fall and the white winds blow, the lone wolf dies but the pack survives.&quot;,&quot;tagList&quot;:[],&quot;createdAt&quot;:&quot;2024-07-18T03:23:28.687Z&quot;,&quot;updatedAt&quot;:&quot;2024-07-18T03:23:28.687Z&quot;,&quot;favorited&quot;:false,&quot;favoritesCount&quot;:0,&quot;author&quot;:{&quot;username&quot;:&quot;karatetest999&quot;,&quot;bio&quot;:null,&quot;image&quot;:&quot;https://api.realworld.io/images/smiley-cyrus.jpeg&quot;,&quot;following&quot;:false}},{&quot;slug&quot;:&quot;Eleanor-Mooton-31806&quot;,&quot;title&quot;:&quot;Eleanor Mooton&quot;,&quot;description&quot;:&quot;Old Valyria&quot;,&quot;body&quot;:&quot;There are no heroes...in life, the monsters win.&quot;,&quot;tagList&quot;:[],&quot;createdAt&quot;:&quot;2024-07-18T03:20:31.260Z&quot;,&quot;updatedAt&quot;:&quot;2024-07-18T03:20:31.260Z&quot;,&quot;favorited&quot;:false,&quot;favoritesCount&quot;:0,&quot;author&quot;:{&quot;username&quot;:&quot;karatetest999&quot;,&quot;bio&quot;:null,&quot;image&quot;:&quot;https://api.realworld.io/images/smiley-cyrus.jpeg&quot;,&quot;following&quot;:false}},{&quot;slug&quot;:&quot;Rawney-31806&quot;,&quot;title&quot;:&quot;Rawney&quot;,&quot;description&quot;:&quot;Myr&quot;,&quot;body&quot;:&quot;Summer will end soon enough, and childhood as well.&quot;,&quot;tagList&quot;:[],&quot;createdAt&quot;:&quot;2024-07-18T03:18:47.386Z&quot;,&quot;updatedAt&quot;:&quot;2024-07-18T03:18:47.386Z&quot;,&quot;favorited&quot;:true,&quot;favoritesCount&quot;:1,&quot;author&quot;:{&quot;username&quot;:&quot;karatetest999&quot;,&quot;bio&quot;:null,&quot;image&quot;:&quot;https://api.realworld.io/images/smiley-cyrus.jpeg&quot;,&quot;following&quot;:false}},{&quot;slug&quot;:&quot;Gyldayn-31806&quot;,&quot;title&quot;:&quot;Gyldayn&quot;,&quot;description&quot;:&quot;Norvos&quot;,&quot;body&quot;:&quot;When you play a game of thrones you win or you die.&quot;,&quot;tagList&quot;:[],&quot;createdAt&quot;:&quot;2024-07-18T03:18:47.385Z&quot;,&quot;updatedAt&quot;:&quot;2024-07-18T03:18:47.385Z&quot;,&quot;favorited&quot;:false,&quot;favoritesCount&quot;:0,&quot;author&quot;:{&quot;username&quot;:&quot;karatetest999&quot;,&quot;bio&quot;:null,&quot;image&quot;:&quot;https://api.realworld.io/images/smiley-cyrus.jpeg&quot;,&quot;following&quot;:false}},{&quot;slug&quot;:&quot;Wulfe-31806&quot;,&quot;title&quot;:&quot;Wulfe&quot;,&quot;description&quot;:&quot;Braavos&quot;,&quot;body&quot;:&quot;All dwarfs are bastards in their father&apos;s eyes&quot;,&quot;tagList&quot;:[],&quot;createdAt&quot;:&quot;2024-07-18T03:14:25.162Z&quot;,&quot;updatedAt&quot;:&quot;2024-07-18T03:14:25.162Z&quot;,&quot;favorited&quot;:true,&quot;favoritesCount&quot;:1,&quot;author&quot;:{&quot;username&quot;:&quot;karatetest999&quot;,&quot;bio&quot;:null,&quot;image&quot;:&quot;https://api.realworld.io/images/smiley-cyrus.jpeg&quot;,&quot;following&quot;:false}},{&quot;slug&quot;:&quot;Wallen-31806&quot;,&quot;title&quot;:&quot;Wallen&quot;,&quot;description&quot;:&quot;Tyria&quot;,&quot;body&quot;:&quot;Power is a curious thing. Who lives, Who dies. Power resides where men believe it resides. It is a trick, A shadow on the wall.&quot;,&quot;tagList&quot;:[],&quot;createdAt&quot;:&quot;2024-07-18T03:14:25.145Z&quot;,&quot;updatedAt&quot;:&quot;2024-07-18T03:14:25.145Z&quot;,&quot;favorited&quot;:false,&quot;favoritesCount&quot;:0,&quot;author&quot;:{&quot;username&quot;:&quot;karatetest999&quot;,&quot;bio&quot;:null,&quot;image&quot;:&quot;https://api.realworld.io/images/smiley-cyrus.jpeg&quot;,&quot;following&quot;:false}},{&quot;slug&quot;:&quot;Hake-31806&quot;,&quot;title&quot;:&quot;Hake&quot;,&quot;description&quot;:&quot;Oros&quot;,&quot;body&quot;:&quot;Laughter is poison to fear.&quot;,&quot;tagList&quot;:[],&quot;createdAt&quot;:&quot;2024-07-18T02:38:02.866Z&quot;,&quot;updatedAt&quot;:&quot;2024-07-18T02:38:02.866Z&quot;,&quot;favorited&quot;:false,&quot;favoritesCount&quot;:0,&quot;author&quot;:{&quot;username&quot;:&quot;karatetest999&quot;,&quot;bio&quot;:null,&quot;image&quot;:&quot;https://api.realworld.io/images/smiley-cyrus.jpeg&quot;,&quot;following&quot;:false}},{&quot;slug&quot;:&quot;Terrence-Kenning-31806&quot;,&quot;title&quot;:&quot;Terrence Kenning&quot;,&quot;description&quot;:&quot;Lannisport&quot;,&quot;body&quot;:&quot;Give me honorable enemies rather than ambitious ones, and I&apos;ll sleep more easily by night.&quot;,&quot;tagList&quot;:[],&quot;createdAt&quot;:&quot;2024-07-18T02:38:02.837Z&quot;,&quot;updatedAt&quot;:&quot;2024-07-18T02:38:02.837Z&quot;,&quot;favorited&quot;:false,&quot;favoritesCount&quot;:0,&quot;author&quot;:{&quot;username&quot;:&quot;karatetest999&quot;,&quot;bio&quot;:null,&quot;image&quot;:&quot;https://api.realworld.io/images/smiley-cyrus.jpeg&quot;,&quot;following&quot;:false}}],&quot;articlesCount&quot;:338}&#10;  {&quot;articles&quot;:&quot;#[10]&quot;,&quot;articlesCount&quot;:330}&#10;&#10;    $.articlesCount | not equal (NUMBER:NUMBER)&#10;    338&#10;    330&#10;&#10;classpath:conduitApp/feature/HomePage.feature:24&#10;status code was: 404, expected: 200, response time in milliseconds: 788, url: https://api.realworld.io/api/articles/Bennard-Brune-31806, response: &#10;{&quot;errors&quot;:{&quot;article&quot;:[&quot;not found&quot;]}}&#10;classpath:conduitApp/feature/HomeWork.feature:60 ==&gt; expected: &lt;true&gt; but was: &lt;false&gt;" type="org.opentest4j.AssertionFailedError"><![CDATA[org.opentest4j.AssertionFailedError: 
status code was: 422, expected: 201, response time in milliseconds: 589, url: https://api.realworld.io/api/articles, response: 
{"errors":{"title":["must be unique"]}}
classpath:conduitApp/feature/Articles.feature:19
match failed: EQUALS
  $ | not equal | match failed for name: 'articlesCount' (MAP:MAP)
  {"articles":[{"slug":"Bennard-Brune-31806","title":"Bennard Brune","description":"Qohor","body":"There are no heroes...in life, the monsters win.","tagList":[],"createdAt":"2024-07-18T03:28:31.991Z","updatedAt":"2024-07-18T03:28:31.991Z","favorited":false,"favoritesCount":0,"author":{"username":"karatetest999","bio":null,"image":"https://api.realworld.io/images/smiley-cyrus.jpeg","following":false}},{"slug":"Iggo-31806","title":"Iggo","description":"Samyrian","body":"Knowledge could be more valuable than gold, more deadly than a dagger.","tagList":[],"createdAt":"2024-07-18T03:27:36.236Z","updatedAt":"2024-07-18T03:27:36.236Z","favorited":false,"favoritesCount":0,"author":{"username":"karatetest999","bio":null,"image":"https://api.realworld.io/images/smiley-cyrus.jpeg","following":false}},{"slug":"Lythene-Frey-31806","title":"Lythene Frey","description":"Braavos","body":"When the snows fall and the white winds blow, the lone wolf dies but the pack survives.","tagList":[],"createdAt":"2024-07-18T03:23:28.687Z","updatedAt":"2024-07-18T03:23:28.687Z","favorited":false,"favoritesCount":0,"author":{"username":"karatetest999","bio":null,"image":"https://api.realworld.io/images/smiley-cyrus.jpeg","following":false}},{"slug":"Eleanor-Mooton-31806","title":"Eleanor Mooton","description":"Old Valyria","body":"There are no heroes...in life, the monsters win.","tagList":[],"createdAt":"2024-07-18T03:20:31.260Z","updatedAt":"2024-07-18T03:20:31.260Z","favorited":false,"favoritesCount":0,"author":{"username":"karatetest999","bio":null,"image":"https://api.realworld.io/images/smiley-cyrus.jpeg","following":false}},{"slug":"Rawney-31806","title":"Rawney","description":"Myr","body":"Summer will end soon enough, and childhood as well.","tagList":[],"createdAt":"2024-07-18T03:18:47.386Z","updatedAt":"2024-07-18T03:18:47.386Z","favorited":true,"favoritesCount":1,"author":{"username":"karatetest999","bio":null,"image":"https://api.realworld.io/images/smiley-cyrus.jpeg","following":false}},{"slug":"Gyldayn-31806","title":"Gyldayn","description":"Norvos","body":"When you play a game of thrones you win or you die.","tagList":[],"createdAt":"2024-07-18T03:18:47.385Z","updatedAt":"2024-07-18T03:18:47.385Z","favorited":false,"favoritesCount":0,"author":{"username":"karatetest999","bio":null,"image":"https://api.realworld.io/images/smiley-cyrus.jpeg","following":false}},{"slug":"Wulfe-31806","title":"Wulfe","description":"Braavos","body":"All dwarfs are bastards in their father's eyes","tagList":[],"createdAt":"2024-07-18T03:14:25.162Z","updatedAt":"2024-07-18T03:14:25.162Z","favorited":true,"favoritesCount":1,"author":{"username":"karatetest999","bio":null,"image":"https://api.realworld.io/images/smiley-cyrus.jpeg","following":false}},{"slug":"Wallen-31806","title":"Wallen","description":"Tyria","body":"Power is a curious thing. Who lives, Who dies. Power resides where men believe it resides. It is a trick, A shadow on the wall.","tagList":[],"createdAt":"2024-07-18T03:14:25.145Z","updatedAt":"2024-07-18T03:14:25.145Z","favorited":false,"favoritesCount":0,"author":{"username":"karatetest999","bio":null,"image":"https://api.realworld.io/images/smiley-cyrus.jpeg","following":false}},{"slug":"Hake-31806","title":"Hake","description":"Oros","body":"Laughter is poison to fear.","tagList":[],"createdAt":"2024-07-18T02:38:02.866Z","updatedAt":"2024-07-18T02:38:02.866Z","favorited":false,"favoritesCount":0,"author":{"username":"karatetest999","bio":null,"image":"https://api.realworld.io/images/smiley-cyrus.jpeg","following":false}},{"slug":"Terrence-Kenning-31806","title":"Terrence Kenning","description":"Lannisport","body":"Give me honorable enemies rather than ambitious ones, and I'll sleep more easily by night.","tagList":[],"createdAt":"2024-07-18T02:38:02.837Z","updatedAt":"2024-07-18T02:38:02.837Z","favorited":false,"favoritesCount":0,"author":{"username":"karatetest999","bio":null,"image":"https://api.realworld.io/images/smiley-cyrus.jpeg","following":false}}],"articlesCount":338}
  {"articles":"#[10]","articlesCount":330}

    $.articlesCount | not equal (NUMBER:NUMBER)
    338
    330

classpath:conduitApp/feature/HomePage.feature:24
status code was: 404, expected: 200, response time in milliseconds: 788, url: https://api.realworld.io/api/articles/Bennard-Brune-31806, response: 
{"errors":{"article":["not found"]}}
classpath:conduitApp/feature/HomeWork.feature:60 ==> expected: <true> but was: <false>
	at org.junit.jupiter.api.AssertionFailureBuilder.build(AssertionFailureBuilder.java:151)
	at org.junit.jupiter.api.AssertionFailureBuilder.buildAndThrow(AssertionFailureBuilder.java:132)
	at org.junit.jupiter.api.AssertTrue.failNotTrue(AssertTrue.java:63)
	at org.junit.jupiter.api.AssertTrue.assertTrue(AssertTrue.java:36)
	at org.junit.jupiter.api.Assertions.assertTrue(Assertions.java:211)
	at conduitApp.ConduitTest.testParallel(ConduitTest.java:23)
	at java.base/jdk.internal.reflect.DirectMethodHandleAccessor.invoke(DirectMethodHandleAccessor.java:103)
	at java.base/java.lang.reflect.Method.invoke(Method.java:580)
	at org.junit.platform.commons.util.ReflectionUtils.invokeMethod(ReflectionUtils.java:727)
	at org.junit.jupiter.engine.execution.MethodInvocation.proceed(MethodInvocation.java:60)
	at org.junit.jupiter.engine.execution.InvocationInterceptorChain$ValidatingInvocation.proceed(InvocationInterceptorChain.java:131)
	at org.junit.jupiter.engine.extension.TimeoutExtension.intercept(TimeoutExtension.java:156)
	at org.junit.jupiter.engine.extension.TimeoutExtension.interceptTestableMethod(TimeoutExtension.java:147)
	at org.junit.jupiter.engine.extension.TimeoutExtension.interceptTestMethod(TimeoutExtension.java:86)
	at org.junit.jupiter.engine.execution.InterceptingExecutableInvoker$ReflectiveInterceptorCall.lambda$ofVoidMethod$0(InterceptingExecutableInvoker.java:103)
	at org.junit.jupiter.engine.execution.InterceptingExecutableInvoker.lambda$invoke$0(InterceptingExecutableInvoker.java:93)
	at org.junit.jupiter.engine.execution.InvocationInterceptorChain$InterceptedInvocation.proceed(InvocationInterceptorChain.java:106)
	at org.junit.jupiter.engine.execution.InvocationInterceptorChain.proceed(InvocationInterceptorChain.java:64)
	at org.junit.jupiter.engine.execution.InvocationInterceptorChain.chainAndInvoke(InvocationInterceptorChain.java:45)
	at org.junit.jupiter.engine.execution.InvocationInterceptorChain.invoke(InvocationInterceptorChain.java:37)
	at org.junit.jupiter.engine.execution.InterceptingExecutableInvoker.invoke(InterceptingExecutableInvoker.java:92)
	at org.junit.jupiter.engine.execution.InterceptingExecutableInvoker.invoke(InterceptingExecutableInvoker.java:86)
	at org.junit.jupiter.engine.descriptor.TestMethodTestDescriptor.lambda$invokeTestMethod$7(TestMethodTestDescriptor.java:217)
	at org.junit.platform.engine.support.hierarchical.ThrowableCollector.execute(ThrowableCollector.java:73)
	at org.junit.jupiter.engine.descriptor.TestMethodTestDescriptor.invokeTestMethod(TestMethodTestDescriptor.java:213)
	at org.junit.jupiter.engine.descriptor.TestMethodTestDescriptor.execute(TestMethodTestDescriptor.java:138)
	at org.junit.jupiter.engine.descriptor.TestMethodTestDescriptor.execute(TestMethodTestDescriptor.java:68)
	at org.junit.platform.engine.support.hierarchical.NodeTestTask.lambda$executeRecursively$6(NodeTestTask.java:151)
	at org.junit.platform.engine.support.hierarchical.ThrowableCollector.execute(ThrowableCollector.java:73)
	at org.junit.platform.engine.support.hierarchical.NodeTestTask.lambda$executeRecursively$8(NodeTestTask.java:141)
	at org.junit.platform.engine.support.hierarchical.Node.around(Node.java:137)
	at org.junit.platform.engine.support.hierarchical.NodeTestTask.lambda$executeRecursively$9(NodeTestTask.java:139)
	at org.junit.platform.engine.support.hierarchical.ThrowableCollector.execute(ThrowableCollector.java:73)
	at org.junit.platform.engine.support.hierarchical.NodeTestTask.executeRecursively(NodeTestTask.java:138)
	at org.junit.platform.engine.support.hierarchical.NodeTestTask.execute(NodeTestTask.java:95)
	at java.base/java.util.ArrayList.forEach(ArrayList.java:1596)
	at org.junit.platform.engine.support.hierarchical.SameThreadHierarchicalTestExecutorService.invokeAll(SameThreadHierarchicalTestExecutorService.java:41)
	at org.junit.platform.engine.support.hierarchical.NodeTestTask.lambda$executeRecursively$6(NodeTestTask.java:155)
	at org.junit.platform.engine.support.hierarchical.ThrowableCollector.execute(ThrowableCollector.java:73)
	at org.junit.platform.engine.support.hierarchical.NodeTestTask.lambda$executeRecursively$8(NodeTestTask.java:141)
	at org.junit.platform.engine.support.hierarchical.Node.around(Node.java:137)
	at org.junit.platform.engine.support.hierarchical.NodeTestTask.lambda$executeRecursively$9(NodeTestTask.java:139)
	at org.junit.platform.engine.support.hierarchical.ThrowableCollector.execute(ThrowableCollector.java:73)
	at org.junit.platform.engine.support.hierarchical.NodeTestTask.executeRecursively(NodeTestTask.java:138)
	at org.junit.platform.engine.support.hierarchical.NodeTestTask.execute(NodeTestTask.java:95)
	at java.base/java.util.ArrayList.forEach(ArrayList.java:1596)
	at org.junit.platform.engine.support.hierarchical.SameThreadHierarchicalTestExecutorService.invokeAll(SameThreadHierarchicalTestExecutorService.java:41)
	at org.junit.platform.engine.support.hierarchical.NodeTestTask.lambda$executeRecursively$6(NodeTestTask.java:155)
	at org.junit.platform.engine.support.hierarchical.ThrowableCollector.execute(ThrowableCollector.java:73)
	at org.junit.platform.engine.support.hierarchical.NodeTestTask.lambda$executeRecursively$8(NodeTestTask.java:141)
	at org.junit.platform.engine.support.hierarchical.Node.around(Node.java:137)
	at org.junit.platform.engine.support.hierarchical.NodeTestTask.lambda$executeRecursively$9(NodeTestTask.java:139)
	at org.junit.platform.engine.support.hierarchical.ThrowableCollector.execute(ThrowableCollector.java:73)
	at org.junit.platform.engine.support.hierarchical.NodeTestTask.executeRecursively(NodeTestTask.java:138)
	at org.junit.platform.engine.support.hierarchical.NodeTestTask.execute(NodeTestTask.java:95)
	at org.junit.platform.engine.support.hierarchical.SameThreadHierarchicalTestExecutorService.submit(SameThreadHierarchicalTestExecutorService.java:35)
	at org.junit.platform.engine.support.hierarchical.HierarchicalTestExecutor.execute(HierarchicalTestExecutor.java:57)
	at org.junit.platform.engine.support.hierarchical.HierarchicalTestEngine.execute(HierarchicalTestEngine.java:54)
	at org.junit.platform.launcher.core.EngineExecutionOrchestrator.execute(EngineExecutionOrchestrator.java:147)
	at org.junit.platform.launcher.core.EngineExecutionOrchestrator.execute(EngineExecutionOrchestrator.java:127)
	at org.junit.platform.launcher.core.EngineExecutionOrchestrator.execute(EngineExecutionOrchestrator.java:90)
	at org.junit.platform.launcher.core.EngineExecutionOrchestrator.lambda$execute$0(EngineExecutionOrchestrator.java:55)
	at org.junit.platform.launcher.core.EngineExecutionOrchestrator.withInterceptedStreams(EngineExecutionOrchestrator.java:102)
	at org.junit.platform.launcher.core.EngineExecutionOrchestrator.execute(EngineExecutionOrchestrator.java:54)
	at org.junit.platform.launcher.core.DefaultLauncher.execute(DefaultLauncher.java:114)
	at org.junit.platform.launcher.core.DefaultLauncher.execute(DefaultLauncher.java:86)
	at org.junit.platform.launcher.core.DefaultLauncherSession$DelegatingLauncher.execute(DefaultLauncherSession.java:86)
	at org.apache.maven.surefire.junitplatform.LazyLauncher.execute(LazyLauncher.java:50)
	at org.apache.maven.surefire.junitplatform.JUnitPlatformProvider.execute(JUnitPlatformProvider.java:184)
	at org.apache.maven.surefire.junitplatform.JUnitPlatformProvider.invokeAllTests(JUnitPlatformProvider.java:148)
	at org.apache.maven.surefire.junitplatform.JUnitPlatformProvider.invoke(JUnitPlatformProvider.java:122)
	at org.apache.maven.surefire.booter.ForkedBooter.runSuitesInProcess(ForkedBooter.java:385)
	at org.apache.maven.surefire.booter.ForkedBooter.execute(ForkedBooter.java:162)
	at org.apache.maven.surefire.booter.ForkedBooter.run(ForkedBooter.java:507)
	at org.apache.maven.surefire.booter.ForkedBooter.main(ForkedBooter.java:495)
]]></failure>
    <system-out><![CDATA[---------------------------------------------------------
feature: classpath:conduitApp/feature/Articles.feature
scenarios:  2 | passed:  1 | failed:  1 | time: 4,0574
---------------------------------------------------------

---------------------------------------------------------
feature: classpath:conduitApp/feature/HomePage.feature
scenarios:  2 | passed:  1 | failed:  1 | time: 1,2829
---------------------------------------------------------

---------------------------------------------------------
feature: classpath:conduitApp/feature/HomeWork.feature
scenarios:  1 | passed:  0 | failed:  1 | time: 2,0329
---------------------------------------------------------

---------------------------------------------------------
feature: classpath:conduitApp/feature/Hooks.feature
scenarios:  2 | passed:  2 | failed:  0 | time: 0,1377
---------------------------------------------------------

---------------------------------------------------------
feature: classpath:conduitApp/feature/SignUp.feature
scenarios:  6 | passed:  6 | failed:  0 | time: 3,7362
---------------------------------------------------------

Karate version: 1.4.1
======================================================
elapsed:  10,43 | threads:    3 | thread time: 11,25 
features:     5 | skipped:    0 | efficiency: 0,36
scenarios:   13 | passed:    10 | failed: 3
======================================================
>>> failed features:
status code was: 422, expected: 201, response time in milliseconds: 589, url: https://api.realworld.io/api/articles, response: 
{"errors":{"title":["must be unique"]}}
classpath:conduitApp/feature/Articles.feature:19
match failed: EQUALS
  $ | not equal | match failed for name: 'articlesCount' (MAP:MAP)
  {"articles":[{"slug":"Bennard-Brune-31806","title":"Bennard Brune","description":"Qohor","body":"There are no heroes...in life, the monsters win.","tagList":[],"createdAt":"2024-07-18T03:28:31.991Z","updatedAt":"2024-07-18T03:28:31.991Z","favorited":false,"favoritesCount":0,"author":{"username":"karatetest999","bio":null,"image":"https://api.realworld.io/images/smiley-cyrus.jpeg","following":false}},{"slug":"Iggo-31806","title":"Iggo","description":"Samyrian","body":"Knowledge could be more valuable than gold, more deadly than a dagger.","tagList":[],"createdAt":"2024-07-18T03:27:36.236Z","updatedAt":"2024-07-18T03:27:36.236Z","favorited":false,"favoritesCount":0,"author":{"username":"karatetest999","bio":null,"image":"https://api.realworld.io/images/smiley-cyrus.jpeg","following":false}},{"slug":"Lythene-Frey-31806","title":"Lythene Frey","description":"Braavos","body":"When the snows fall and the white winds blow, the lone wolf dies but the pack survives.","tagList":[],"createdAt":"2024-07-18T03:23:28.687Z","updatedAt":"2024-07-18T03:23:28.687Z","favorited":false,"favoritesCount":0,"author":{"username":"karatetest999","bio":null,"image":"https://api.realworld.io/images/smiley-cyrus.jpeg","following":false}},{"slug":"Eleanor-Mooton-31806","title":"Eleanor Mooton","description":"Old Valyria","body":"There are no heroes...in life, the monsters win.","tagList":[],"createdAt":"2024-07-18T03:20:31.260Z","updatedAt":"2024-07-18T03:20:31.260Z","favorited":false,"favoritesCount":0,"author":{"username":"karatetest999","bio":null,"image":"https://api.realworld.io/images/smiley-cyrus.jpeg","following":false}},{"slug":"Rawney-31806","title":"Rawney","description":"Myr","body":"Summer will end soon enough, and childhood as well.","tagList":[],"createdAt":"2024-07-18T03:18:47.386Z","updatedAt":"2024-07-18T03:18:47.386Z","favorited":true,"favoritesCount":1,"author":{"username":"karatetest999","bio":null,"image":"https://api.realworld.io/images/smiley-cyrus.jpeg","following":false}},{"slug":"Gyldayn-31806","title":"Gyldayn","description":"Norvos","body":"When you play a game of thrones you win or you die.","tagList":[],"createdAt":"2024-07-18T03:18:47.385Z","updatedAt":"2024-07-18T03:18:47.385Z","favorited":false,"favoritesCount":0,"author":{"username":"karatetest999","bio":null,"image":"https://api.realworld.io/images/smiley-cyrus.jpeg","following":false}},{"slug":"Wulfe-31806","title":"Wulfe","description":"Braavos","body":"All dwarfs are bastards in their father's eyes","tagList":[],"createdAt":"2024-07-18T03:14:25.162Z","updatedAt":"2024-07-18T03:14:25.162Z","favorited":true,"favoritesCount":1,"author":{"username":"karatetest999","bio":null,"image":"https://api.realworld.io/images/smiley-cyrus.jpeg","following":false}},{"slug":"Wallen-31806","title":"Wallen","description":"Tyria","body":"Power is a curious thing. Who lives, Who dies. Power resides where men believe it resides. It is a trick, A shadow on the wall.","tagList":[],"createdAt":"2024-07-18T03:14:25.145Z","updatedAt":"2024-07-18T03:14:25.145Z","favorited":false,"favoritesCount":0,"author":{"username":"karatetest999","bio":null,"image":"https://api.realworld.io/images/smiley-cyrus.jpeg","following":false}},{"slug":"Hake-31806","title":"Hake","description":"Oros","body":"Laughter is poison to fear.","tagList":[],"createdAt":"2024-07-18T02:38:02.866Z","updatedAt":"2024-07-18T02:38:02.866Z","favorited":false,"favoritesCount":0,"author":{"username":"karatetest999","bio":null,"image":"https://api.realworld.io/images/smiley-cyrus.jpeg","following":false}},{"slug":"Terrence-Kenning-31806","title":"Terrence Kenning","description":"Lannisport","body":"Give me honorable enemies rather than ambitious ones, and I'll sleep more easily by night.","tagList":[],"createdAt":"2024-07-18T02:38:02.837Z","updatedAt":"2024-07-18T02:38:02.837Z","favorited":false,"favoritesCount":0,"author":{"username":"karatetest999","bio":null,"image":"https://api.realworld.io/images/smiley-cyrus.jpeg","following":false}}],"articlesCount":338}
  {"articles":"#[10]","articlesCount":330}

    $.articlesCount | not equal (NUMBER:NUMBER)
    338
    330

classpath:conduitApp/feature/HomePage.feature:24
status code was: 404, expected: 200, response time in milliseconds: 788, url: https://api.realworld.io/api/articles/Bennard-Brune-31806, response: 
{"errors":{"article":["not found"]}}
classpath:conduitApp/feature/HomeWork.feature:60
<<<

HTML report: (paste into browser to view) | Karate version: 1.4.1
file:///C:/Users/hyoga/KarateProject/Estudio/target/karate-reports/karate-summary.html
===================================================================

]]></system-out>
    <system-err><![CDATA[SLF4J: Failed to load class "org.slf4j.impl.StaticLoggerBinder".
SLF4J: Defaulting to no-operation (NOP) logger implementation
SLF4J: See http://www.slf4j.org/codes.html#StaticLoggerBinder for further details.
Jul 17, 2024 11:28:37 PM net.masterthought.cucumber.ReportParser parseJsonFiles
INFO: File 'C:\Users\hyoga\KarateProject\Estudio\target\karate-reports\conduitApp.feature.Articles.json' contains 1 features
Jul 17, 2024 11:28:37 PM net.masterthought.cucumber.ReportParser parseJsonFiles
INFO: File 'C:\Users\hyoga\KarateProject\Estudio\target\karate-reports\conduitApp.feature.HomePage.json' contains 1 features
Jul 17, 2024 11:28:37 PM net.masterthought.cucumber.ReportParser parseJsonFiles
INFO: File 'C:\Users\hyoga\KarateProject\Estudio\target\karate-reports\conduitApp.feature.HomeWork.json' contains 1 features
Jul 17, 2024 11:28:37 PM net.masterthought.cucumber.ReportParser parseJsonFiles
INFO: File 'C:\Users\hyoga\KarateProject\Estudio\target\karate-reports\conduitApp.feature.Hooks.json' contains 1 features
Jul 17, 2024 11:28:37 PM net.masterthought.cucumber.ReportParser parseJsonFiles
INFO: File 'C:\Users\hyoga\KarateProject\Estudio\target\karate-reports\conduitApp.feature.SignUp.json' contains 1 features
]]></system-err>
  </testcase>
</testsuite>